<?xml version="1.0" encoding="UTF-8"?>
<testsuite xmlns:xsi="http://www.w3.org/2001/XMLSchema-instance" xsi:noNamespaceSchemaLocation="https://maven.apache.org/surefire/maven-surefire-plugin/xsd/surefire-test-report-3.0.xsd" version="3.0" name="AuldfellasUnitTest" time="0.421" tests="6" errors="0" skipped="0" failures="0">
  <properties>
[...]
</properties>
  <testcase name="givenClientWithLessThanThreePenaltyPointsCorrectDiscountForGeneratedQuotationIsApplied" classname="AuldfellasUnitTest" time="0.006"/>
  <testcase name="givenMaleClientCorrectDiscountForGeneratedQuotationIsApplied" classname="AuldfellasUnitTest" time="0"/>
  <testcase name="givenClientReferenceInACorrectFormatIsGenerated" classname="AuldfellasUnitTest" time="0"/>
  <testcase name="givenClientOverSixtyCorrectDiscountForGeneratedQuotationIsApplied" classname="AuldfellasUnitTest" time="0"/>
  <testcase name="generateQuotation" classname="AuldfellasUnitTest" time="0.081"/>
  <testcase name="connectionTest" classname="AuldfellasUnitTest" time="0.001"/>
</testsuite>